Determining if the pthread_create exist failed with the following output:
Change Dir: /data/SP1/catkin_ws/build/CMakeFiles/CMakeTmp

Run Build Command:"/usr/bin/make" "cmTC_832b2/fast"
/usr/bin/make -f CMakeFiles/cmTC_832b2.dir/build.make CMakeFiles/cmTC_832b2.dir/build
make[1]: Entering directory '/data/SP1/catkin_ws/build/CMakeFiles/CMakeTmp'
Building C object CMakeFiles/cmTC_832b2.dir/CheckSymbolExists.c.o
/usr/bin/cc     -o CMakeFiles/cmTC_832b2.dir/CheckSymbolExists.c.o   -c /data/SP1/catkin_ws/build/CMakeFiles/CMakeTmp/CheckSymbolExists.c
Linking C executable cmTC_832b2
/usr/bin/cmake -E cmake_link_script CMakeFiles/cmTC_832b2.dir/link.txt --verbose=1
/usr/bin/cc       CMakeFiles/cmTC_832b2.dir/CheckSymbolExists.c.o  -o cmTC_832b2 -rdynamic 
CMakeFiles/cmTC_832b2.dir/CheckSymbolExists.c.o: In function `main':
CheckSymbolExists.c:(.text+0x16): undefined reference to `pthread_create'
collect2: error: ld returned 1 exit status
CMakeFiles/cmTC_832b2.dir/build.make:97: recipe for target 'cmTC_832b2' failed
make[1]: *** [cmTC_832b2] Error 1
make[1]: Leaving directory '/data/SP1/catkin_ws/build/CMakeFiles/CMakeTmp'
Makefile:126: recipe for target 'cmTC_832b2/fast' failed
make: *** [cmTC_832b2/fast] Error 2

File /data/SP1/catkin_ws/build/CMakeFiles/CMakeTmp/CheckSymbolExists.c:
/* */
#include <pthread.h>

int main(int argc, char** argv)
{
  (void)argv;
#ifndef pthread_create
  return ((int*)(&pthread_create))[argc];
#else
  (void)argc;
  return 0;
#endif
}

Determining if the function pthread_create exists in the pthreads failed with the following output:
Change Dir: /data/SP1/catkin_ws/build/CMakeFiles/CMakeTmp

Run Build Command:"/usr/bin/make" "cmTC_f957f/fast"
/usr/bin/make -f CMakeFiles/cmTC_f957f.dir/build.make CMakeFiles/cmTC_f957f.dir/build
make[1]: Entering directory '/data/SP1/catkin_ws/build/CMakeFiles/CMakeTmp'
Building C object CMakeFiles/cmTC_f957f.dir/CheckFunctionExists.c.o
/usr/bin/cc    -DCHECK_FUNCTION_EXISTS=pthread_create   -o CMakeFiles/cmTC_f957f.dir/CheckFunctionExists.c.o   -c /usr/share/cmake-3.5/Modules/CheckFunctionExists.c
Linking C executable cmTC_f957f
/usr/bin/cmake -E cmake_link_script CMakeFiles/cmTC_f957f.dir/link.txt --verbose=1
/usr/bin/cc   -DCHECK_FUNCTION_EXISTS=pthread_create    CMakeFiles/cmTC_f957f.dir/CheckFunctionExists.c.o  -o cmTC_f957f -rdynamic -lpthreads 
/usr/bin/ld: cannot find -lpthreads
collect2: error: ld returned 1 exit status
CMakeFiles/cmTC_f957f.dir/build.make:97: recipe for target 'cmTC_f957f' failed
make[1]: *** [cmTC_f957f] Error 1
make[1]: Leaving directory '/data/SP1/catkin_ws/build/CMakeFiles/CMakeTmp'
Makefile:126: recipe for target 'cmTC_f957f/fast' failed
make: *** [cmTC_f957f/fast] Error 2


